  MainFinal.cpp
C:\Users\hectorhmx}\Documents\2021-1\LabGrafica\Final\ProyectoGrafica\final\Code\proyectoFinal\proyectoFinal\modelAnim.h(104,44): warning C4244: '=': conversión de 'double' a 'float'; posible pérdida de datos
C:\Users\hectorhmx}\Documents\2021-1\LabGrafica\Final\ProyectoGrafica\final\Code\proyectoFinal\proyectoFinal\modelAnim.h(519,24): warning C4244: 'inicializando': conversión de 'double' a 'float'; posible pérdida de datos
C:\Users\hectorhmx}\Documents\2021-1\LabGrafica\Final\ProyectoGrafica\final\Code\proyectoFinal\proyectoFinal\MainFinal.cpp(458,24): warning C4244: 'inicializando': conversión de 'double' a 'GLfloat'; posible pérdida de datos
C:\Users\hectorhmx}\Documents\2021-1\LabGrafica\Final\ProyectoGrafica\final\Code\proyectoFinal\proyectoFinal\MainFinal.cpp(927,20): warning C4305: '+=': truncamiento de 'double' a 'float'
C:\Users\hectorhmx}\Documents\2021-1\LabGrafica\Final\ProyectoGrafica\final\Code\proyectoFinal\proyectoFinal\MainFinal.cpp(939,20): warning C4305: '+=': truncamiento de 'double' a 'float'
C:\Users\hectorhmx}\Documents\2021-1\LabGrafica\Final\ProyectoGrafica\final\Code\proyectoFinal\proyectoFinal\MainFinal.cpp(951,20): warning C4305: '-=': truncamiento de 'double' a 'float'
C:\Users\hectorhmx}\Documents\2021-1\LabGrafica\Final\ProyectoGrafica\final\Code\proyectoFinal\proyectoFinal\MainFinal.cpp(962,20): warning C4305: '-=': truncamiento de 'double' a 'float'
C:\Users\hectorhmx}\Documents\2021-1\LabGrafica\Final\ProyectoGrafica\final\Code\proyectoFinal\proyectoFinal\MainFinal.cpp(996,45): warning C4244: '-=': conversión de 'double' a 'float'; posible pérdida de datos
C:\Users\hectorhmx}\Documents\2021-1\LabGrafica\Final\ProyectoGrafica\final\Code\proyectoFinal\proyectoFinal\MainFinal.cpp(1020,36): warning C4244: '+=': conversión de 'double' a 'float'; posible pérdida de datos
C:\Users\hectorhmx}\Documents\2021-1\LabGrafica\Final\ProyectoGrafica\final\Code\proyectoFinal\proyectoFinal\MainFinal.cpp(1124,11): warning C4244: '=': conversión de 'double' a 'GLfloat'; posible pérdida de datos
C:\Users\hectorhmx}\Documents\2021-1\LabGrafica\Final\ProyectoGrafica\final\Code\proyectoFinal\proyectoFinal\MainFinal.cpp(1125,11): warning C4244: '=': conversión de 'double' a 'GLfloat'; posible pérdida de datos
C:\Users\hectorhmx}\Documents\2021-1\LabGrafica\Final\ProyectoGrafica\final\Code\proyectoFinal\proyectoFinal\MainFinal.cpp(1129,18): warning C4244: 'inicializando': conversión de 'double' a 'GLfloat'; posible pérdida de datos
C:\Users\hectorhmx}\Documents\2021-1\LabGrafica\Final\ProyectoGrafica\final\Code\proyectoFinal\proyectoFinal\MainFinal.cpp(1130,18): warning C4244: 'inicializando': conversión de 'double' a 'GLfloat'; posible pérdida de datos
C:\Users\hectorhmx}\Documents\2021-1\LabGrafica\Final\ProyectoGrafica\final\Code\proyectoFinal\proyectoFinal\MainFinal.cpp(1132,10): warning C4244: '=': conversión de 'double' a 'GLfloat'; posible pérdida de datos
C:\Users\hectorhmx}\Documents\2021-1\LabGrafica\Final\ProyectoGrafica\final\Code\proyectoFinal\proyectoFinal\MainFinal.cpp(1133,10): warning C4244: '=': conversión de 'double' a 'GLfloat'; posible pérdida de datos
C:\Users\hectorhmx}\Documents\2021-1\LabGrafica\Final\ProyectoGrafica\final\Code\proyectoFinal\proyectoFinal\MainFinal.cpp(1169,22): warning C4305: '+=': truncamiento de 'double' a 'float'
C:\Users\hectorhmx}\Documents\2021-1\LabGrafica\Final\ProyectoGrafica\final\Code\proyectoFinal\proyectoFinal\MainFinal.cpp(1175,22): warning C4305: '+=': truncamiento de 'double' a 'float'
C:\Users\hectorhmx}\Documents\2021-1\LabGrafica\Final\ProyectoGrafica\final\Code\proyectoFinal\proyectoFinal\MainFinal.cpp(1180,22): warning C4305: '-=': truncamiento de 'double' a 'float'
C:\Users\hectorhmx}\Documents\2021-1\LabGrafica\Final\ProyectoGrafica\final\Code\proyectoFinal\proyectoFinal\MainFinal.cpp(1185,38): warning C4244: '+=': conversión de 'double' a 'float'; posible pérdida de datos
C:\Users\hectorhmx}\Documents\2021-1\LabGrafica\Final\ProyectoGrafica\final\Code\proyectoFinal\proyectoFinal\MainFinal.cpp(1191,37): warning C4244: '-=': conversión de 'double' a 'float'; posible pérdida de datos
  proyectoFinal.vcxproj -> C:\Users\hectorhmx}\Documents\2021-1\LabGrafica\Final\ProyectoGrafica\final\Code\proyectoFinal\Debug\proyectoFinal.exe
