  MainFinal.cpp
C:\Users\hectorhmx}\Documents\2021-1\LabGrafica\Final\ProyectoGrafica\final\Code\proyectoFinal\proyectoFinal\modelAnim.h(104,44): warning C4244: '=': conversión de 'double' a 'float'; posible pérdida de datos
C:\Users\hectorhmx}\Documents\2021-1\LabGrafica\Final\ProyectoGrafica\final\Code\proyectoFinal\proyectoFinal\modelAnim.h(519,24): warning C4244: 'inicializando': conversión de 'double' a 'float'; posible pérdida de datos
C:\Users\hectorhmx}\Documents\2021-1\LabGrafica\Final\ProyectoGrafica\final\Code\proyectoFinal\proyectoFinal\MainFinal.cpp(458,24): warning C4244: 'inicializando': conversión de 'double' a 'GLfloat'; posible pérdida de datos
C:\Users\hectorhmx}\Documents\2021-1\LabGrafica\Final\ProyectoGrafica\final\Code\proyectoFinal\proyectoFinal\MainFinal.cpp(930,22): warning C4305: '+=': truncamiento de 'double' a 'float'
C:\Users\hectorhmx}\Documents\2021-1\LabGrafica\Final\ProyectoGrafica\final\Code\proyectoFinal\proyectoFinal\MainFinal.cpp(931,20): warning C4305: '+=': truncamiento de 'double' a 'float'
C:\Users\hectorhmx}\Documents\2021-1\LabGrafica\Final\ProyectoGrafica\final\Code\proyectoFinal\proyectoFinal\MainFinal.cpp(943,20): warning C4305: '-=': truncamiento de 'double' a 'float'
C:\Users\hectorhmx}\Documents\2021-1\LabGrafica\Final\ProyectoGrafica\final\Code\proyectoFinal\proyectoFinal\MainFinal.cpp(955,20): warning C4305: '-=': truncamiento de 'double' a 'float'
C:\Users\hectorhmx}\Documents\2021-1\LabGrafica\Final\ProyectoGrafica\final\Code\proyectoFinal\proyectoFinal\MainFinal.cpp(966,20): warning C4305: '-=': truncamiento de 'double' a 'float'
C:\Users\hectorhmx}\Documents\2021-1\LabGrafica\Final\ProyectoGrafica\final\Code\proyectoFinal\proyectoFinal\MainFinal.cpp(1000,45): warning C4244: '-=': conversión de 'double' a 'float'; posible pérdida de datos
C:\Users\hectorhmx}\Documents\2021-1\LabGrafica\Final\ProyectoGrafica\final\Code\proyectoFinal\proyectoFinal\MainFinal.cpp(1024,36): warning C4244: '+=': conversión de 'double' a 'float'; posible pérdida de datos
C:\Users\hectorhmx}\Documents\2021-1\LabGrafica\Final\ProyectoGrafica\final\Code\proyectoFinal\proyectoFinal\MainFinal.cpp(1128,11): warning C4244: '=': conversión de 'double' a 'GLfloat'; posible pérdida de datos
C:\Users\hectorhmx}\Documents\2021-1\LabGrafica\Final\ProyectoGrafica\final\Code\proyectoFinal\proyectoFinal\MainFinal.cpp(1129,11): warning C4244: '=': conversión de 'double' a 'GLfloat'; posible pérdida de datos
C:\Users\hectorhmx}\Documents\2021-1\LabGrafica\Final\ProyectoGrafica\final\Code\proyectoFinal\proyectoFinal\MainFinal.cpp(1133,18): warning C4244: 'inicializando': conversión de 'double' a 'GLfloat'; posible pérdida de datos
C:\Users\hectorhmx}\Documents\2021-1\LabGrafica\Final\ProyectoGrafica\final\Code\proyectoFinal\proyectoFinal\MainFinal.cpp(1134,18): warning C4244: 'inicializando': conversión de 'double' a 'GLfloat'; posible pérdida de datos
C:\Users\hectorhmx}\Documents\2021-1\LabGrafica\Final\ProyectoGrafica\final\Code\proyectoFinal\proyectoFinal\MainFinal.cpp(1136,10): warning C4244: '=': conversión de 'double' a 'GLfloat'; posible pérdida de datos
C:\Users\hectorhmx}\Documents\2021-1\LabGrafica\Final\ProyectoGrafica\final\Code\proyectoFinal\proyectoFinal\MainFinal.cpp(1137,10): warning C4244: '=': conversión de 'double' a 'GLfloat'; posible pérdida de datos
C:\Users\hectorhmx}\Documents\2021-1\LabGrafica\Final\ProyectoGrafica\final\Code\proyectoFinal\proyectoFinal\MainFinal.cpp(1173,22): warning C4305: '+=': truncamiento de 'double' a 'float'
C:\Users\hectorhmx}\Documents\2021-1\LabGrafica\Final\ProyectoGrafica\final\Code\proyectoFinal\proyectoFinal\MainFinal.cpp(1179,22): warning C4305: '+=': truncamiento de 'double' a 'float'
C:\Users\hectorhmx}\Documents\2021-1\LabGrafica\Final\ProyectoGrafica\final\Code\proyectoFinal\proyectoFinal\MainFinal.cpp(1184,22): warning C4305: '-=': truncamiento de 'double' a 'float'
C:\Users\hectorhmx}\Documents\2021-1\LabGrafica\Final\ProyectoGrafica\final\Code\proyectoFinal\proyectoFinal\MainFinal.cpp(1189,38): warning C4244: '+=': conversión de 'double' a 'float'; posible pérdida de datos
C:\Users\hectorhmx}\Documents\2021-1\LabGrafica\Final\ProyectoGrafica\final\Code\proyectoFinal\proyectoFinal\MainFinal.cpp(1195,37): warning C4244: '-=': conversión de 'double' a 'float'; posible pérdida de datos
soil2-debug.lib(SOIL2.obj) : warning LNK4075: se omite '/EDITANDCONTINUE' debido a la especificación '/OPT:ICF'
LINK : warning LNK4098: la biblioteca predeterminada'MSVCRTD' entra en conflicto con otras bibliotecas; use la biblioteca /NODEFAULTLIB:biblioteca
  Generando código
  Previous IPDB not found, fall back to full compilation.
  All 963 functions were compiled because no usable IPDB/IOBJ from previous compilation was found.
  Generación de código finalizada
soil2-debug.lib(etc1_utils.obj) : warning LNK4099: no se encontró PDB 'soil2-debug.pdb' con 'soil2-debug.lib(etc1_utils.obj)' o en 'C:\Users\hectorhmx}\Documents\2021-1\LabGrafica\Final\ProyectoGrafica\final\Code\proyectoFinal\Release\soil2-debug.pdb'; se vinculará el objeto sin tener en cuenta información de depuración
soil2-debug.lib(image_DXT.obj) : warning LNK4099: no se encontró PDB 'soil2-debug.pdb' con 'soil2-debug.lib(image_DXT.obj)' o en 'C:\Users\hectorhmx}\Documents\2021-1\LabGrafica\Final\ProyectoGrafica\final\Code\proyectoFinal\Release\soil2-debug.pdb'; se vinculará el objeto sin tener en cuenta información de depuración
soil2-debug.lib(image_helper.obj) : warning LNK4099: no se encontró PDB 'soil2-debug.pdb' con 'soil2-debug.lib(image_helper.obj)' o en 'C:\Users\hectorhmx}\Documents\2021-1\LabGrafica\Final\ProyectoGrafica\final\Code\proyectoFinal\Release\soil2-debug.pdb'; se vinculará el objeto sin tener en cuenta información de depuración
soil2-debug.lib(SOIL2.obj) : warning LNK4099: no se encontró PDB 'soil2-debug.pdb' con 'soil2-debug.lib(SOIL2.obj)' o en 'C:\Users\hectorhmx}\Documents\2021-1\LabGrafica\Final\ProyectoGrafica\final\Code\proyectoFinal\Release\soil2-debug.pdb'; se vinculará el objeto sin tener en cuenta información de depuración
  proyectoFinal.vcxproj -> C:\Users\hectorhmx}\Documents\2021-1\LabGrafica\Final\ProyectoGrafica\final\Code\proyectoFinal\Release\proyectoFinal.exe
